2021-12-21, 02:20:10 send success!Nice Dream and love you tons! 

每日一句:
生我何用？不能欢笑。灭我何用？不减狂骄。  --《悟空传》
*****************************************************
2021-12-21, 02:20:34 send success!Nice Dream and love you tons! 

每日一句:
小地瓜，我找到你了。  --《雪中悍刀行》
*****************************************************
2021-12-21, 09:30:01 send failed!
'NoneType' object has no attribute 'x'
*****************************************************
2021-12-21, 09:30:01 send failed!
'NoneType' object has no attribute 'x'
*****************************************************
2021-12-21, 22:30:00 send failed!
'NoneType' object has no attribute 'x'
*****************************************************
2021-12-21, 23:10:36 send success!Nice Dream and love you tons! 

每日一句:
生我何用？不能欢笑。灭我何用？不减狂骄。  --《悟空传》
*****************************************************
2021-12-22, 09:45:14 send failed!
screen grab failed
*****************************************************
2021-12-22, 09:45:14 send failed!
screen grab failed
*****************************************************
2021-12-22, 23:00:04 send success!Nice Dream and love you tons! 

每日一句:
影响大众想象力的，并不是事实本身，而是它扩散和传播的方式。   --古斯塔夫・勒庞 * 《乌合之众》
*****************************************************
2021-12-22, 23:00:14 send success!Nice Dream and love you tons! 

每日一句:
嘤其鸣兮，求其友声。友声可远在千里之外，可远在数十百年之后。   --杨绛 * 《我们仨》
*****************************************************
2021-12-22, 23:13:12 send failed!
find lulu_icon failed
*****************************************************
2021-12-22, 23:16:14 send failed!
find lulu_icon failed
*****************************************************
2021-12-22, 23:28:39 send failed!
find lulu_icon failed
*****************************************************
2021-12-22, 23:29:17 send failed!
find lulu_icon failed
*****************************************************
2021-12-22, 23:30:45 send success!Nice Dream and love you tons! 

每日一句:
救救孩子……   --鲁迅 * 《狂人日记》
*****************************************************
2021-12-22, 23:42:14 send success!Nice Dream and love you tons! 

每日一句:
一个会用风筝向你写出“我想你”的女孩，真让人永远都忘不了她。  --《偷影子的人》
*****************************************************
2021-12-22, 23:52:25 send failed!
input msg exception
*****************************************************
2021-12-22, 23:52:25 send failed!
('Connection aborted.', ConnectionResetError(10054, '远程主机强迫关闭了一个现有的连接。', None, 10054, None))
*****************************************************
2021-12-22, 23:52:25 send failed!
write() argument must be str, not None
*****************************************************
2021-12-22, 23:52:25 send success!2021-12-22, 23:53:25 send success!Nice Dream and love you tons! 

每日一句:
记忆这东西类似小说，或者说，小说这东西类似记忆。  --《去中国的小船》
*****************************************************
2021-12-23, 00:11:07 send failed!
click send exception
*****************************************************
2021-12-23, 00:11:07 send failed!
Failed to read d:\local_backup_2\my_windows\autoGuiImgsend.png because file is missing, has improper permissions, or is an unsupported or invalid format
*****************************************************
2021-12-23, 00:12:15 send success!Nice Dream and love you tons! 

每日一句:
王来承认，王来允许，王来背负这个世界！  --《Fate/Zero》
*****************************************************
